==========================================
SLURM_CLUSTER_NAME = param-shivay
SLURM_JOB_ACCOUNT = comp_sci_engg
SLURM_JOB_ID = 278131
SLURM_JOB_NAME = roles
SLURM_JOB_NODELIST = gpu007
SLURM_JOB_USER = aman.gupta.cse15.iitbhu
SLURM_JOB_UID = 5180
SLURM_JOB_PARTITION = gpu
SLURM_TASK_PID = 119802
SLURM_SUBMIT_DIR = /home/aman.gupta.cse15.iitbhu/roles
SLURM_CPUS_ON_NODE = 2
SLURM_NTASKS = 1
SLURM_TASK_PID = 119802
==========================================
gpu007
Computing device:  cuda:0
Nodes:  34
Computing robustness.

At epoch: 00020 |  Loss: 0.03791 | Time: 0.0051
Applying non-negative matrix factorization.
MDL: 304.56, Roles: 9
At epoch: 00020 |  Loss: 0.03464 | Time: 0.0051
Applying non-negative matrix factorization.
MDL: 297.18, Roles: 8
At epoch: 00020 |  Loss: 0.03720 | Time: 0.0045
Applying non-negative matrix factorization.
MDL: 285.68, Roles: 5
At epoch: 00020 |  Loss: 0.03688 | Time: 0.0047
Applying non-negative matrix factorization.
MDL: 293.69, Roles: 8
At epoch: 00020 |  Loss: 0.04214 | Time: 0.0058
Applying non-negative matrix factorization.
MDL: 295.22, Roles: 5
At epoch: 00020 |  Loss: 0.04048 | Time: 0.0046
Applying non-negative matrix factorization.
MDL: 296.67, Roles: 5
At epoch: 00020 |  Loss: 0.03960 | Time: 0.0050
Applying non-negative matrix factorization.
MDL: 299.50, Roles: 11
At epoch: 00020 |  Loss: 0.03616 | Time: 0.0047
Applying non-negative matrix factorization.
MDL: 299.95, Roles: 9
At epoch: 00020 |  Loss: 0.04001 | Time: 0.0055
Applying non-negative matrix factorization.
MDL: 298.66, Roles: 8
At epoch: 00020 |  Loss: 0.04018 | Time: 0.0051
Applying non-negative matrix factorization.
MDL: 306.63, Roles: 11
AUC-ROC @ (ratio = -0.4): 0.7823

At epoch: 00020 |  Loss: 0.03677 | Time: 0.0075
Applying non-negative matrix factorization.
MDL: 275.32, Roles: 6
At epoch: 00020 |  Loss: 0.03872 | Time: 0.0043
Applying non-negative matrix factorization.
MDL: 299.99, Roles: 4
At epoch: 00020 |  Loss: 0.04091 | Time: 0.0059
Applying non-negative matrix factorization.
MDL: 291.11, Roles: 8
At epoch: 00020 |  Loss: 0.03544 | Time: 0.0056
Applying non-negative matrix factorization.
MDL: 296.49, Roles: 5
At epoch: 00020 |  Loss: 0.03809 | Time: 0.0051
Applying non-negative matrix factorization.
MDL: 305.50, Roles: 9
At epoch: 00020 |  Loss: 0.05177 | Time: 0.0064
Applying non-negative matrix factorization.
MDL: 306.45, Roles: 10
At epoch: 00020 |  Loss: 0.03906 | Time: 0.0055
Applying non-negative matrix factorization.
MDL: 282.99, Roles: 5
At epoch: 00020 |  Loss: 0.03675 | Time: 0.0051
Applying non-negative matrix factorization.
MDL: 289.68, Roles: 7
At epoch: 00020 |  Loss: 0.03907 | Time: 0.0054
Applying non-negative matrix factorization.
MDL: 298.32, Roles: 9
At epoch: 00020 |  Loss: 0.03731 | Time: 0.0057
Applying non-negative matrix factorization.
MDL: 277.15, Roles: 6
AUC-ROC @ (ratio = -0.2): 0.8142

At epoch: 00020 |  Loss: 0.03285 | Time: 0.0051
Applying non-negative matrix factorization.
MDL: 261.08, Roles: 4
At epoch: 00020 |  Loss: 0.02949 | Time: 0.0052
Applying non-negative matrix factorization.
MDL: 280.40, Roles: 5
At epoch: 00020 |  Loss: 0.03356 | Time: 0.0053
Applying non-negative matrix factorization.
MDL: 264.55, Roles: 6
At epoch: 00020 |  Loss: 0.03183 | Time: 0.0043
Applying non-negative matrix factorization.
MDL: 278.12, Roles: 5
At epoch: 00020 |  Loss: 0.03418 | Time: 0.0055
Applying non-negative matrix factorization.
MDL: 271.42, Roles: 5
At epoch: 00020 |  Loss: 0.02928 | Time: 0.0049
Applying non-negative matrix factorization.
MDL: 311.55, Roles: 6
At epoch: 00020 |  Loss: 0.03204 | Time: 0.0043
Applying non-negative matrix factorization.
MDL: 307.69, Roles: 5
At epoch: 00020 |  Loss: 0.03333 | Time: 0.0057
Applying non-negative matrix factorization.
MDL: 277.18, Roles: 4
At epoch: 00020 |  Loss: 0.03120 | Time: 0.0054
Applying non-negative matrix factorization.
MDL: 257.42, Roles: 4
At epoch: 00020 |  Loss: 0.03423 | Time: 0.0045
Applying non-negative matrix factorization.
MDL: 290.22, Roles: 7
AUC-ROC @ (ratio = 0.0): 0.8706

At epoch: 00020 |  Loss: 0.02991 | Time: 0.0027
Applying non-negative matrix factorization.
MDL: 288.37, Roles: 5
At epoch: 00020 |  Loss: 0.03213 | Time: 0.0058
Applying non-negative matrix factorization.
MDL: 266.71, Roles: 4
At epoch: 00020 |  Loss: 0.03277 | Time: 0.0050
Applying non-negative matrix factorization.
MDL: 268.51, Roles: 5
At epoch: 00020 |  Loss: 0.02971 | Time: 0.0056
Applying non-negative matrix factorization.
MDL: 278.42, Roles: 5
At epoch: 00020 |  Loss: 0.02904 | Time: 0.0045
Applying non-negative matrix factorization.
MDL: 283.98, Roles: 4
At epoch: 00020 |  Loss: 0.03010 | Time: 0.0058
Applying non-negative matrix factorization.
MDL: 278.80, Roles: 6
At epoch: 00020 |  Loss: 0.03147 | Time: 0.0049
Applying non-negative matrix factorization.
MDL: 284.03, Roles: 7
At epoch: 00020 |  Loss: 0.03287 | Time: 0.0046
Applying non-negative matrix factorization.
MDL: 258.16, Roles: 6
At epoch: 00020 |  Loss: 0.02981 | Time: 0.0055
Applying non-negative matrix factorization.
MDL: 242.31, Roles: 2
At epoch: 00020 |  Loss: 0.03175 | Time: 0.0050
Applying non-negative matrix factorization.
MDL: 275.44, Roles: 4
AUC-ROC @ (ratio = 0.2): 0.8147

At epoch: 00020 |  Loss: 0.03015 | Time: 0.0057
Applying non-negative matrix factorization.
MDL: 250.11, Roles: 5
At epoch: 00020 |  Loss: 0.03025 | Time: 0.0031
Applying non-negative matrix factorization.
MDL: 260.52, Roles: 5
At epoch: 00020 |  Loss: 0.02934 | Time: 0.0050
Applying non-negative matrix factorization.
MDL: 263.68, Roles: 6
At epoch: 00020 |  Loss: 0.02926 | Time: 0.0047
Applying non-negative matrix factorization.
MDL: 264.58, Roles: 5
At epoch: 00020 |  Loss: 0.02645 | Time: 0.0045
Applying non-negative matrix factorization.
MDL: 282.17, Roles: 8
At epoch: 00020 |  Loss: 0.02744 | Time: 0.0048
Applying non-negative matrix factorization.
MDL: 265.37, Roles: 5
At epoch: 00020 |  Loss: 0.02801 | Time: 0.0052
Applying non-negative matrix factorization.
MDL: 262.94, Roles: 5
At epoch: 00020 |  Loss: 0.03874 | Time: 0.0057
Applying non-negative matrix factorization.
MDL: 271.62, Roles: 6
At epoch: 00020 |  Loss: 0.02909 | Time: 0.0049
Applying non-negative matrix factorization.
MDL: 291.19, Roles: 5
At epoch: 00020 |  Loss: 0.02982 | Time: 0.0050
Applying non-negative matrix factorization.
MDL: 292.19, Roles: 8
AUC-ROC @ (ratio = 0.4): 0.7946

At epoch: 00020 |  Loss: 0.02865 | Time: 0.0045
Applying non-negative matrix factorization.
MDL: 258.85, Roles: 4
At epoch: 00020 |  Loss: 0.02955 | Time: 0.0052
Applying non-negative matrix factorization.
MDL: 265.28, Roles: 4
At epoch: 00020 |  Loss: 0.02709 | Time: 0.0049
Applying non-negative matrix factorization.
MDL: 280.18, Roles: 7
At epoch: 00020 |  Loss: 0.02840 | Time: 0.0045
Applying non-negative matrix factorization.
MDL: 259.86, Roles: 2
At epoch: 00020 |  Loss: 0.02848 | Time: 0.0040
Applying non-negative matrix factorization.
MDL: 280.16, Roles: 7
At epoch: 00020 |  Loss: 0.03647 | Time: 0.0057
Applying non-negative matrix factorization.
MDL: 255.31, Roles: 7
At epoch: 00020 |  Loss: 0.02580 | Time: 0.0057
Applying non-negative matrix factorization.
MDL: 270.47, Roles: 6
At epoch: 00020 |  Loss: 0.02574 | Time: 0.0052
Applying non-negative matrix factorization.
MDL: 274.89, Roles: 5
At epoch: 00020 |  Loss: 0.02778 | Time: 0.0028
Applying non-negative matrix factorization.
MDL: 233.52, Roles: 2
At epoch: 00020 |  Loss: 0.02816 | Time: 0.0043
Applying non-negative matrix factorization.
MDL: 267.72, Roles: 7
AUC-ROC @ (ratio = 0.6): 0.7560

At epoch: 00020 |  Loss: 0.02652 | Time: 0.0047
Applying non-negative matrix factorization.
MDL: 280.61, Roles: 7
At epoch: 00020 |  Loss: 0.02719 | Time: 0.0050
Applying non-negative matrix factorization.
MDL: 253.91, Roles: 5
At epoch: 00020 |  Loss: 0.02742 | Time: 0.0051
Applying non-negative matrix factorization.
MDL: 255.07, Roles: 5
At epoch: 00020 |  Loss: 0.02735 | Time: 0.0055
Applying non-negative matrix factorization.
MDL: 230.57, Roles: 2
At epoch: 00020 |  Loss: 0.02497 | Time: 0.0047
Applying non-negative matrix factorization.
MDL: 253.08, Roles: 5
At epoch: 00020 |  Loss: 0.02693 | Time: 0.0038
Applying non-negative matrix factorization.
MDL: 264.12, Roles: 5
At epoch: 00020 |  Loss: 0.02668 | Time: 0.0058
Applying non-negative matrix factorization.
MDL: 248.82, Roles: 5
At epoch: 00020 |  Loss: 0.02646 | Time: 0.0045
Applying non-negative matrix factorization.
MDL: 254.27, Roles: 3
At epoch: 00020 |  Loss: 0.02629 | Time: 0.0043
Applying non-negative matrix factorization.
MDL: 248.15, Roles: 6
At epoch: 00020 |  Loss: 0.03518 | Time: 0.0046
Applying non-negative matrix factorization.
MDL: 276.88, Roles: 7
AUC-ROC @ (ratio = 0.8): 0.7584

At epoch: 00020 |  Loss: 0.02583 | Time: 0.0047
Applying non-negative matrix factorization.
MDL: 271.42, Roles: 5
At epoch: 00020 |  Loss: 0.02554 | Time: 0.0043
Applying non-negative matrix factorization.
MDL: 252.27, Roles: 5
At epoch: 00020 |  Loss: 0.02390 | Time: 0.0058
Applying non-negative matrix factorization.
MDL: 280.07, Roles: 5
At epoch: 00020 |  Loss: 0.02509 | Time: 0.0047
Applying non-negative matrix factorization.
MDL: 265.79, Roles: 4
At epoch: 00020 |  Loss: 0.02509 | Time: 0.0057
Applying non-negative matrix factorization.
MDL: 275.53, Roles: 6
At epoch: 00020 |  Loss: 0.02376 | Time: 0.0050
Applying non-negative matrix factorization.
MDL: 256.98, Roles: 6
At epoch: 00020 |  Loss: 0.02453 | Time: 0.0048
Applying non-negative matrix factorization.
MDL: 270.28, Roles: 5
At epoch: 00020 |  Loss: 0.02317 | Time: 0.0048
Applying non-negative matrix factorization.
MDL: 251.07, Roles: 6
At epoch: 00020 |  Loss: 0.02485 | Time: 0.0050
Applying non-negative matrix factorization.
MDL: 288.69, Roles: 8
At epoch: 00020 |  Loss: 0.02681 | Time: 0.0045
Applying non-negative matrix factorization.
MDL: 240.64, Roles: 2
AUC-ROC @ (ratio = 1.0): 0.7357

Computing device:  cuda:0
Nodes:  62
Computing robustness.

At epoch: 00020 |  Loss: 0.02615 | Time: 0.0056
Applying non-negative matrix factorization.
MDL: 501.61, Roles: 14
At epoch: 00020 |  Loss: 0.02713 | Time: 0.0050
Applying non-negative matrix factorization.
MDL: 486.59, Roles: 11
At epoch: 00020 |  Loss: 0.02509 | Time: 0.0047
Applying non-negative matrix factorization.
MDL: 486.35, Roles: 12
At epoch: 00020 |  Loss: 0.02703 | Time: 0.0063
Applying non-negative matrix factorization.
MDL: 492.03, Roles: 16
At epoch: 00020 |  Loss: 0.02822 | Time: 0.0045
Applying non-negative matrix factorization.
MDL: 494.27, Roles: 11
At epoch: 00020 |  Loss: 0.02857 | Time: 0.0048
Applying non-negative matrix factorization.
MDL: 491.99, Roles: 16
At epoch: 00020 |  Loss: 0.02444 | Time: 0.0049
Applying non-negative matrix factorization.
MDL: 512.77, Roles: 12
At epoch: 00020 |  Loss: 0.02979 | Time: 0.0045
Applying non-negative matrix factorization.
MDL: 490.81, Roles: 15
At epoch: 00020 |  Loss: 0.02612 | Time: 0.0060
Applying non-negative matrix factorization.
MDL: 498.66, Roles: 14
At epoch: 00020 |  Loss: 0.03075 | Time: 0.0048
Applying non-negative matrix factorization.
MDL: 487.14, Roles: 9
AUC-ROC @ (ratio = -0.4): 0.7766

At epoch: 00020 |  Loss: 0.02321 | Time: 0.0045
Applying non-negative matrix factorization.
MDL: 495.63, Roles: 10
At epoch: 00020 |  Loss: 0.02585 | Time: 0.0035
Applying non-negative matrix factorization.
MDL: 483.04, Roles: 11
At epoch: 00020 |  Loss: 0.02520 | Time: 0.0051
Applying non-negative matrix factorization.
MDL: 485.76, Roles: 9
At epoch: 00020 |  Loss: 0.02423 | Time: 0.0052
Applying non-negative matrix factorization.
MDL: 491.45, Roles: 16
At epoch: 00020 |  Loss: 0.02426 | Time: 0.0043
Applying non-negative matrix factorization.
MDL: 496.29, Roles: 12
At epoch: 00020 |  Loss: 0.02293 | Time: 0.0045
Applying non-negative matrix factorization.
MDL: 499.56, Roles: 9
At epoch: 00020 |  Loss: 0.02231 | Time: 0.0049
Applying non-negative matrix factorization.
MDL: 488.60, Roles: 12
At epoch: 00020 |  Loss: 0.02480 | Time: 0.0047
Applying non-negative matrix factorization.
MDL: 458.44, Roles: 12
At epoch: 00020 |  Loss: 0.02317 | Time: 0.0061
Applying non-negative matrix factorization.
MDL: 482.03, Roles: 11
At epoch: 00020 |  Loss: 0.02340 | Time: 0.0045
Applying non-negative matrix factorization.
MDL: 471.06, Roles: 11
AUC-ROC @ (ratio = -0.2): 0.8579

At epoch: 00020 |  Loss: 0.02153 | Time: 0.0047
Applying non-negative matrix factorization.
MDL: 487.01, Roles: 11
At epoch: 00020 |  Loss: 0.02223 | Time: 0.0057
Applying non-negative matrix factorization.
MDL: 479.25, Roles: 8
At epoch: 00020 |  Loss: 0.02224 | Time: 0.0054
Applying non-negative matrix factorization.
MDL: 486.99, Roles: 12
At epoch: 00020 |  Loss: 0.02118 | Time: 0.0050
Applying non-negative matrix factorization.
MDL: 478.38, Roles: 10
At epoch: 00020 |  Loss: 0.02239 | Time: 0.0054
Applying non-negative matrix factorization.
MDL: 451.95, Roles: 10
At epoch: 00020 |  Loss: 0.02363 | Time: 0.0045
Applying non-negative matrix factorization.
MDL: 481.03, Roles: 6
At epoch: 00020 |  Loss: 0.02278 | Time: 0.0045
Applying non-negative matrix factorization.
MDL: 482.23, Roles: 9
At epoch: 00020 |  Loss: 0.02379 | Time: 0.0049
Applying non-negative matrix factorization.
MDL: 493.05, Roles: 10
At epoch: 00020 |  Loss: 0.02328 | Time: 0.0052
Applying non-negative matrix factorization.
MDL: 481.13, Roles: 9
At epoch: 00020 |  Loss: 0.02642 | Time: 0.0043
Applying non-negative matrix factorization.
MDL: 501.43, Roles: 14
AUC-ROC @ (ratio = 0.0): 0.8799

At epoch: 00020 |  Loss: 0.02175 | Time: 0.0047
Applying non-negative matrix factorization.
MDL: 483.35, Roles: 12
At epoch: 00020 |  Loss: 0.02181 | Time: 0.0046
Applying non-negative matrix factorization.
MDL: 502.92, Roles: 10
At epoch: 00020 |  Loss: 0.02112 | Time: 0.0045
Applying non-negative matrix factorization.
MDL: 498.34, Roles: 14
At epoch: 00020 |  Loss: 0.02172 | Time: 0.0056
Applying non-negative matrix factorization.
MDL: 479.57, Roles: 9
At epoch: 00020 |  Loss: 0.02404 | Time: 0.0027
Applying non-negative matrix factorization.
MDL: 465.87, Roles: 12
At epoch: 00020 |  Loss: 0.02025 | Time: 0.0055
Applying non-negative matrix factorization.
MDL: 490.22, Roles: 10
At epoch: 00020 |  Loss: 0.02089 | Time: 0.0055
Applying non-negative matrix factorization.
MDL: 489.33, Roles: 10
At epoch: 00020 |  Loss: 0.02038 | Time: 0.0053
Applying non-negative matrix factorization.
MDL: 491.97, Roles: 12
At epoch: 00020 |  Loss: 0.02089 | Time: 0.0055
Applying non-negative matrix factorization.
MDL: 500.48, Roles: 14
At epoch: 00020 |  Loss: 0.02024 | Time: 0.0056
Applying non-negative matrix factorization.
MDL: 468.70, Roles: 8
AUC-ROC @ (ratio = 0.2): 0.8544

At epoch: 00020 |  Loss: 0.02039 | Time: 0.0047
Applying non-negative matrix factorization.
MDL: 461.26, Roles: 12
At epoch: 00020 |  Loss: 0.02028 | Time: 0.0045
Applying non-negative matrix factorization.
MDL: 451.17, Roles: 10
At epoch: 00020 |  Loss: 0.02022 | Time: 0.0027
Applying non-negative matrix factorization.
MDL: 457.87, Roles: 13
At epoch: 00020 |  Loss: 0.01962 | Time: 0.0043
Applying non-negative matrix factorization.
MDL: 507.97, Roles: 12
At epoch: 00020 |  Loss: 0.01914 | Time: 0.0046
Applying non-negative matrix factorization.
MDL: 491.43, Roles: 14
At epoch: 00020 |  Loss: 0.01954 | Time: 0.0054
Applying non-negative matrix factorization.
MDL: 474.27, Roles: 10
At epoch: 00020 |  Loss: 0.01907 | Time: 0.0047
Applying non-negative matrix factorization.
MDL: 475.90, Roles: 12
At epoch: 00020 |  Loss: 0.01957 | Time: 0.0054
Applying non-negative matrix factorization.
MDL: 454.52, Roles: 8
At epoch: 00020 |  Loss: 0.02032 | Time: 0.0048
Applying non-negative matrix factorization.
MDL: 469.53, Roles: 10
At epoch: 00020 |  Loss: 0.02066 | Time: 0.0044
Applying non-negative matrix factorization.
MDL: 466.70, Roles: 12
AUC-ROC @ (ratio = 0.4): 0.8132

At epoch: 00020 |  Loss: 0.01935 | Time: 0.0057
Applying non-negative matrix factorization.
MDL: 464.12, Roles: 8
At epoch: 00020 |  Loss: 0.01750 | Time: 0.0048
Applying non-negative matrix factorization.
MDL: 460.89, Roles: 8
At epoch: 00020 |  Loss: 0.01965 | Time: 0.0045
Applying non-negative matrix factorization.
MDL: 484.69, Roles: 8
At epoch: 00020 |  Loss: 0.01879 | Time: 0.0047
Applying non-negative matrix factorization.
MDL: 451.72, Roles: 9
At epoch: 00020 |  Loss: 0.01987 | Time: 0.0045
Applying non-negative matrix factorization.
MDL: 465.74, Roles: 9
At epoch: 00020 |  Loss: 0.01864 | Time: 0.0048
Applying non-negative matrix factorization.
MDL: 477.60, Roles: 10
At epoch: 00020 |  Loss: 0.01910 | Time: 0.0045
Applying non-negative matrix factorization.
MDL: 492.52, Roles: 8
At epoch: 00020 |  Loss: 0.01901 | Time: 0.0055
Applying non-negative matrix factorization.
MDL: 488.51, Roles: 13
At epoch: 00020 |  Loss: 0.01974 | Time: 0.0031
Applying non-negative matrix factorization.
MDL: 487.70, Roles: 15
At epoch: 00020 |  Loss: 0.01906 | Time: 0.0054
Applying non-negative matrix factorization.
MDL: 487.83, Roles: 10
AUC-ROC @ (ratio = 0.6): 0.8144

At epoch: 00020 |  Loss: 0.01840 | Time: 0.0047
Applying non-negative matrix factorization.
MDL: 439.54, Roles: 5
At epoch: 00020 |  Loss: 0.01880 | Time: 0.0049
Applying non-negative matrix factorization.
MDL: 450.05, Roles: 9
At epoch: 00020 |  Loss: 0.01847 | Time: 0.0045
Applying non-negative matrix factorization.
MDL: 447.79, Roles: 11
At epoch: 00020 |  Loss: 0.01948 | Time: 0.0054
Applying non-negative matrix factorization.
MDL: 460.20, Roles: 9
At epoch: 00020 |  Loss: 0.01898 | Time: 0.0055
Applying non-negative matrix factorization.
MDL: 482.04, Roles: 11
At epoch: 00020 |  Loss: 0.01764 | Time: 0.0043
Applying non-negative matrix factorization.
MDL: 477.11, Roles: 13
At epoch: 00020 |  Loss: 0.01764 | Time: 0.0059
Applying non-negative matrix factorization.
MDL: 502.39, Roles: 10
At epoch: 00020 |  Loss: 0.01875 | Time: 0.0055
Applying non-negative matrix factorization.
MDL: 459.91, Roles: 9
At epoch: 00020 |  Loss: 0.01761 | Time: 0.0035
Applying non-negative matrix factorization.
MDL: 490.77, Roles: 12
At epoch: 00020 |  Loss: 0.01669 | Time: 0.0059
Applying non-negative matrix factorization.
MDL: 471.38, Roles: 11
AUC-ROC @ (ratio = 0.8): 0.7847

At epoch: 00020 |  Loss: 0.01861 | Time: 0.0045
Applying non-negative matrix factorization.
MDL: 460.25, Roles: 10
At epoch: 00020 |  Loss: 0.01739 | Time: 0.0045
Applying non-negative matrix factorization.
MDL: 479.22, Roles: 9
At epoch: 00020 |  Loss: 0.01773 | Time: 0.0047
Applying non-negative matrix factorization.
MDL: 453.39, Roles: 9
At epoch: 00020 |  Loss: 0.01718 | Time: 0.0051
Applying non-negative matrix factorization.
MDL: 477.08, Roles: 7
At epoch: 00020 |  Loss: 0.01616 | Time: 0.0049
Applying non-negative matrix factorization.
MDL: 470.05, Roles: 6
At epoch: 00020 |  Loss: 0.01770 | Time: 0.0045
Applying non-negative matrix factorization.
MDL: 475.44, Roles: 7
At epoch: 00020 |  Loss: 0.01865 | Time: 0.0046
Applying non-negative matrix factorization.
MDL: 461.63, Roles: 8
At epoch: 00020 |  Loss: 0.01860 | Time: 0.0048
Applying non-negative matrix factorization.
MDL: 486.99, Roles: 14
At epoch: 00020 |  Loss: 0.01789 | Time: 0.0051
Applying non-negative matrix factorization.
MDL: 470.41, Roles: 14
At epoch: 00020 |  Loss: 0.01842 | Time: 0.0058
Applying non-negative matrix factorization.
MDL: 474.51, Roles: 11
AUC-ROC @ (ratio = 1.0): 0.7611

